<?xml version="1.0" encoding="UTF-8"?>
<!-- Generated by org.testng.reporters.JUnitReportReporter -->
<testsuite hostname="Lenovo-PC" failures="0" tests="1" name="com.TestClass.TestCaseNo3" time="0.946" errors="0" timestamp="2022-09-11T15:12:27 IST" skipped="0">
  <testcase classname="com.TestClass.TestCaseNo3" name="check" time="0.946"/>
  <system-out/>
</testsuite> <!-- com.TestClass.TestCaseNo3 -->
