<?xml version="1.0" encoding="UTF-8"?>
<!-- Generated by org.testng.reporters.JUnitReportReporter -->
<testsuite hostname="DESKTOP-O3CNH6A" failures="0" tests="1" name="com.TestClass.TestCaseNo3" time="0.000" errors="0" timestamp="2022-09-12T13:23:47 IST" skipped="1">
  <testcase classname="com.TestClass.TestCaseNo3" name="check" time="0.000">
    <skipped/>
  </testcase> <!-- check -->
  <system-out/>
</testsuite> <!-- com.TestClass.TestCaseNo3 -->
