<?xml version="1.0" encoding="UTF-8"?>
<!-- Generated by org.testng.reporters.JUnitReportReporter -->
<testsuite hostname="DESKTOP-NBPVL8F" failures="0" tests="1" name="com.TestClass.TestCaseNo2" time="0.593" errors="0" timestamp="2022-09-11T14:04:24 IST" skipped="0">
  <testcase classname="com.TestClass.TestCaseNo2" name="dropdown" time="0.593"/>
  <system-out/>
</testsuite> <!-- com.TestClass.TestCaseNo2 -->
