<?xml version="1.0" encoding="UTF-8"?>
<!-- Generated by org.testng.reporters.JUnitReportReporter -->
<testsuite hostname="DESKTOP-O3CNH6A" failures="0" tests="1" name="com.TestClass.TestCaseNo1" time="1.874" errors="0" timestamp="2022-09-12T10:57:51 IST" skipped="0">
  <testcase classname="com.TestClass.TestCaseNo1" name="BasicAuth" time="1.874"/>
  <system-out/>
</testsuite> <!-- com.TestClass.TestCaseNo1 -->
